0 info it worked if it ends with ok
1 verbose cli [ '/usr/bin/nodejs', '/usr/bin/npm', 'install', '-g', 'markdown' ]
2 info using npm@2.15.9
3 info using node@v4.5.0
4 verbose install initial load of /usr/lib/package.json
5 verbose readDependencies loading dependencies from /usr/lib/package.json
6 silly cache add args [ 'markdown', null ]
7 verbose cache add spec markdown
8 silly cache add parsed spec Result {
8 silly cache add   raw: 'markdown',
8 silly cache add   scope: null,
8 silly cache add   name: 'markdown',
8 silly cache add   rawSpec: '',
8 silly cache add   spec: 'latest',
8 silly cache add   type: 'tag' }
9 silly addNamed markdown@latest
10 verbose addNamed "latest" is being treated as a dist-tag for markdown
11 info addNameTag [ 'markdown', 'latest' ]
12 silly mapToRegistry name markdown
13 silly mapToRegistry using default registry
14 silly mapToRegistry registry https://registry.npmjs.org/
15 silly mapToRegistry data Result {
15 silly mapToRegistry   raw: 'markdown',
15 silly mapToRegistry   scope: null,
15 silly mapToRegistry   name: 'markdown',
15 silly mapToRegistry   rawSpec: '',
15 silly mapToRegistry   spec: 'latest',
15 silly mapToRegistry   type: 'tag' }
16 silly mapToRegistry uri https://registry.npmjs.org/markdown
17 verbose addNameTag registry:https://registry.npmjs.org/markdown not in flight; fetching
18 verbose request uri https://registry.npmjs.org/markdown
19 verbose request no auth needed
20 info attempt registry request try #1 at 10:53:32 PM
21 verbose request id 0b2eef43e9367c77
22 verbose etag "CGMRJUNDR69P974H8RHP8JCYA"
23 http request GET https://registry.npmjs.org/markdown
24 http 304 https://registry.npmjs.org/markdown
25 verbose headers { date: 'Fri, 23 Sep 2016 21:53:32 GMT',
25 verbose headers   via: '1.1 varnish',
25 verbose headers   'cache-control': 'max-age=300',
25 verbose headers   etag: '"CGMRJUNDR69P974H8RHP8JCYA"',
25 verbose headers   age: '20',
25 verbose headers   connection: 'keep-alive',
25 verbose headers   'x-served-by': 'cache-lhr6347-LHR',
25 verbose headers   'x-cache': 'HIT',
25 verbose headers   'x-cache-hits': '1',
25 verbose headers   'x-timer': 'S1474667612.461485,VS0,VE0',
25 verbose headers   vary: 'Accept-Encoding' }
26 silly get cb [ 304,
26 silly get   { date: 'Fri, 23 Sep 2016 21:53:32 GMT',
26 silly get     via: '1.1 varnish',
26 silly get     'cache-control': 'max-age=300',
26 silly get     etag: '"CGMRJUNDR69P974H8RHP8JCYA"',
26 silly get     age: '20',
26 silly get     connection: 'keep-alive',
26 silly get     'x-served-by': 'cache-lhr6347-LHR',
26 silly get     'x-cache': 'HIT',
26 silly get     'x-cache-hits': '1',
26 silly get     'x-timer': 'S1474667612.461485,VS0,VE0',
26 silly get     vary: 'Accept-Encoding' } ]
27 verbose etag https://registry.npmjs.org/markdown from cache
28 verbose get saving markdown to /home/return/.npm/registry.npmjs.org/markdown/.cache.json
29 verbose correctMkdir /home/return/.npm correctMkdir not in flight; initializing
30 silly addNameTag next cb for markdown with tag latest
31 silly addNamed markdown@0.5.0
32 verbose addNamed "0.5.0" is a plain semver version for markdown
33 silly cache afterAdd markdown@0.5.0
34 verbose afterAdd /home/return/.npm/markdown/0.5.0/package/package.json not in flight; writing
35 verbose correctMkdir /home/return/.npm correctMkdir not in flight; initializing
36 verbose afterAdd /home/return/.npm/markdown/0.5.0/package/package.json written
37 silly install resolved [ { name: 'markdown',
37 silly install resolved     version: '0.5.0',
37 silly install resolved     description: 'A sensible Markdown parser for javascript',
37 silly install resolved     keywords: [ 'markdown', 'text processing', 'ast' ],
37 silly install resolved     maintainers: [ [Object], [Object] ],
37 silly install resolved     contributors: [ [Object], [Object] ],
37 silly install resolved     bugs: { url: 'http://github.com/evilstreak/markdown-js/issues' },
37 silly install resolved     licenses: [ [Object] ],
37 silly install resolved     repository:
37 silly install resolved      { type: 'git',
37 silly install resolved        url: 'git://github.com/evilstreak/markdown-js.git' },
37 silly install resolved     main: './lib/index.js',
37 silly install resolved     bin: { md2html: './bin/md2html.js' },
37 silly install resolved     dependencies: { nopt: '~2.1.1' },
37 silly install resolved     devDependencies: { tap: '~0.3.3' },
37 silly install resolved     scripts: { test: 'tap ./test/*.t.js' },
37 silly install resolved     _npmUser: { name: 'ashb', email: 'ash_npm@firemirror.com' },
37 silly install resolved     _id: 'markdown@0.5.0',
37 silly install resolved     optionalDependencies: {},
37 silly install resolved     engines: { node: '*' },
37 silly install resolved     _engineSupported: true,
37 silly install resolved     _npmVersion: '1.1.16',
37 silly install resolved     _nodeVersion: 'v0.6.14',
37 silly install resolved     _defaultsLoaded: true,
37 silly install resolved     dist:
37 silly install resolved      { shasum: '28205b565a8ae7592de207463d6637dc182722b2',
37 silly install resolved        tarball: 'https://registry.npmjs.org/markdown/-/markdown-0.5.0.tgz' },
37 silly install resolved     readme: 'ERROR: No README data found!',
37 silly install resolved     directories: {},
37 silly install resolved     _shasum: '28205b565a8ae7592de207463d6637dc182722b2',
37 silly install resolved     _resolved: 'https://registry.npmjs.org/markdown/-/markdown-0.5.0.tgz',
37 silly install resolved     _from: 'markdown@latest',
37 silly install resolved     homepage: 'https://github.com/evilstreak/markdown-js#readme' } ]
38 info install markdown@0.5.0 into /usr/lib
39 info installOne markdown@0.5.0
40 verbose installOne of markdown to /usr/lib not in flight; installing
41 verbose correctMkdir /home/return/.npm/_locks correctMkdir not in flight; initializing
42 verbose lock using /home/return/.npm/_locks/markdown-aee5a5525cb3f0e3.lock for /usr/lib/node_modules/markdown
43 silly install write writing markdown 0.5.0 to /usr/lib/node_modules/markdown
44 verbose unbuild lib/node_modules/markdown
45 silly gentlyRm /usr/lib/node_modules/markdown is being purged from base /usr
46 verbose gentlyRm don't care about contents; nuking /usr/lib/node_modules/markdown
47 verbose tar unpack /home/return/.npm/markdown/0.5.0/package.tgz
48 verbose tar unpacking to /usr/lib/node_modules/markdown
49 silly gentlyRm /usr/lib/node_modules/markdown is being purged
50 verbose gentlyRm don't care about contents; nuking /usr/lib/node_modules/markdown
51 silly gunzTarPerm modes [ '775', '664' ]
52 error tar.unpack untar error /home/return/.npm/markdown/0.5.0/package.tgz
53 verbose unlock done using /home/return/.npm/_locks/markdown-aee5a5525cb3f0e3.lock for /usr/lib/node_modules/markdown
54 verbose fstream_path /usr/lib/node_modules/markdown
55 verbose fstream_type Directory
56 verbose fstream_class DirWriter
57 verbose stack Error: EACCES: permission denied, mkdir '/usr/lib/node_modules/markdown'
57 verbose stack     at Error (native)
58 verbose fstream_stack /usr/lib/node_modules/npm/node_modules/fstream/lib/dir-writer.js:35:25
58 verbose fstream_stack /usr/lib/node_modules/npm/node_modules/mkdirp/index.js:47:53
58 verbose fstream_stack FSReqWrap.oncomplete (fs.js:82:15)
59 verbose cwd /home/return/blog
60 error Linux 4.4.0-38-generic
61 error argv "/usr/bin/nodejs" "/usr/bin/npm" "install" "-g" "markdown"
62 error node v4.5.0
63 error npm  v2.15.9
64 error path /usr/lib/node_modules/markdown
65 error code EACCES
66 error errno -13
67 error syscall mkdir
68 error Error: EACCES: permission denied, mkdir '/usr/lib/node_modules/markdown'
68 error     at Error (native)
68 error  { [Error: EACCES: permission denied, mkdir '/usr/lib/node_modules/markdown']
68 error   errno: -13,
68 error   code: 'EACCES',
68 error   syscall: 'mkdir',
68 error   path: '/usr/lib/node_modules/markdown',
68 error   fstream_type: 'Directory',
68 error   fstream_path: '/usr/lib/node_modules/markdown',
68 error   fstream_class: 'DirWriter',
68 error   fstream_stack:
68 error    [ '/usr/lib/node_modules/npm/node_modules/fstream/lib/dir-writer.js:35:25',
68 error      '/usr/lib/node_modules/npm/node_modules/mkdirp/index.js:47:53',
68 error      'FSReqWrap.oncomplete (fs.js:82:15)' ] }
69 error Please try running this command again as root/Administrator.
70 verbose exit [ -13, true ]
71 verbose unbuild lib/node_modules/markdown
72 silly gentlyRm /usr/lib/node_modules/markdown is being purged from base /usr
73 verbose gentlyRm don't care about contents; nuking /usr/lib/node_modules/markdown
